<?xml version="1.0" encoding="UTF-8"?>
<!-- Generated by org.testng.reporters.JUnitReportReporter -->
<testsuite hostname="HW0817" name="scripts.TC1" tests="1" failures="0" timestamp="14 Jul 2015 12:01:19 GMT" time="17.741" errors="0">
  <testcase name="testTC1" time="17.741" classname="scripts.TC1"/>
</testsuite> <!-- scripts.TC1 -->
