<?xml version="1.0" encoding="UTF-8"?>
<!-- Generated by org.testng.reporters.JUnitReportReporter -->
<testsuite hostname="HW0817" name="scripts.TC3" tests="1" failures="0" timestamp="14 Jul 2015 12:01:19 GMT" time="39.827" errors="0">
  <testcase name="testTC3" time="39.827" classname="scripts.TC3"/>
</testsuite> <!-- scripts.TC3 -->
