<?xml version="1.0" encoding="UTF-8"?>
<!-- Generated by org.testng.reporters.JUnitReportReporter -->
<testsuite hostname="HW0817" name="scripts.TC2" tests="1" failures="0" timestamp="14 Jul 2015 12:01:19 GMT" time="26.185" errors="0">
  <testcase name="testTC2" time="26.185" classname="scripts.TC2"/>
</testsuite> <!-- scripts.TC2 -->
